0 info it worked if it ends with ok
1 verbose cli [ '/usr/local/Cellar/node/9.3.0_1/bin/node',
1 verbose cli   '/usr/local/bin/npm',
1 verbose cli   'install',
1 verbose cli   '-g',
1 verbose cli   'node' ]
2 info using npm@3.10.10
3 info using node@v6.9.1
4 silly loadCurrentTree Starting
5 silly install loadCurrentTree
6 silly install readGlobalPackageData
7 silly fetchPackageMetaData node
8 silly fetchNamedPackageData node
9 silly mapToRegistry name node
10 silly mapToRegistry using default registry
11 silly mapToRegistry registry https://registry.npmjs.org/
12 silly mapToRegistry data Result {
12 silly mapToRegistry   raw: 'node',
12 silly mapToRegistry   scope: null,
12 silly mapToRegistry   escapedName: 'node',
12 silly mapToRegistry   name: 'node',
12 silly mapToRegistry   rawSpec: '',
12 silly mapToRegistry   spec: 'latest',
12 silly mapToRegistry   type: 'tag' }
13 silly mapToRegistry uri https://registry.npmjs.org/node
14 verbose request uri https://registry.npmjs.org/node
15 verbose request no auth needed
16 info attempt registry request try #1 at 9:51:37 PM
17 verbose request id 50b40683551a5579
18 verbose etag "5a80680a-5407c"
19 verbose lastModified Sun, 11 Feb 2018 15:58:02 GMT
20 http request GET https://registry.npmjs.org/node
21 http 304 https://registry.npmjs.org/node
22 verbose headers { date: 'Tue, 13 Feb 2018 05:51:37 GMT',
22 verbose headers   via: '1.1 varnish',
22 verbose headers   'cache-control': 'max-age=300',
22 verbose headers   etag: '"5a80680a-5407c"',
22 verbose headers   age: '3918',
22 verbose headers   connection: 'keep-alive',
22 verbose headers   'x-served-by': 'cache-sjc3640-SJC',
22 verbose headers   'x-cache': 'HIT',
22 verbose headers   'x-cache-hits': '1',
22 verbose headers   'x-timer': 'S1518501097.226942,VS0,VE1',
22 verbose headers   vary: 'Accept-Encoding, Accept' }
23 silly get cb [ 304,
23 silly get   { date: 'Tue, 13 Feb 2018 05:51:37 GMT',
23 silly get     via: '1.1 varnish',
23 silly get     'cache-control': 'max-age=300',
23 silly get     etag: '"5a80680a-5407c"',
23 silly get     age: '3918',
23 silly get     connection: 'keep-alive',
23 silly get     'x-served-by': 'cache-sjc3640-SJC',
23 silly get     'x-cache': 'HIT',
23 silly get     'x-cache-hits': '1',
23 silly get     'x-timer': 'S1518501097.226942,VS0,VE1',
23 silly get     vary: 'Accept-Encoding, Accept' } ]
24 verbose etag https://registry.npmjs.org/node from cache
25 verbose get saving node to /Users/psiegel/.npm/registry.npmjs.org/node/.cache.json
26 verbose correctMkdir /Users/psiegel/.npm correctMkdir not in flight; initializing
27 silly install normalizeTree
28 silly loadCurrentTree Finishing
29 silly loadIdealTree Starting
30 silly install loadIdealTree
31 silly cloneCurrentTree Starting
32 silly install cloneCurrentTreeToIdealTree
33 silly cloneCurrentTree Finishing
34 silly loadShrinkwrap Starting
35 silly install loadShrinkwrap
36 silly loadShrinkwrap Finishing
37 silly loadAllDepsIntoIdealTree Starting
38 silly install loadAllDepsIntoIdealTree
39 silly resolveWithNewModule node@9.5.0 checking installable status
40 silly cache add args [ 'node', null ]
41 verbose cache add spec node
42 silly cache add parsed spec Result {
42 silly cache add   raw: 'node',
42 silly cache add   scope: null,
42 silly cache add   escapedName: 'node',
42 silly cache add   name: 'node',
42 silly cache add   rawSpec: '',
42 silly cache add   spec: 'latest',
42 silly cache add   type: 'tag' }
43 silly addNamed node@latest
44 verbose addNamed "latest" is being treated as a dist-tag for node
45 info addNameTag [ 'node', 'latest' ]
46 silly mapToRegistry name node
47 silly mapToRegistry using default registry
48 silly mapToRegistry registry https://registry.npmjs.org/
49 silly mapToRegistry data Result {
49 silly mapToRegistry   raw: 'node',
49 silly mapToRegistry   scope: null,
49 silly mapToRegistry   escapedName: 'node',
49 silly mapToRegistry   name: 'node',
49 silly mapToRegistry   rawSpec: '',
49 silly mapToRegistry   spec: 'latest',
49 silly mapToRegistry   type: 'tag' }
50 silly mapToRegistry uri https://registry.npmjs.org/node
51 verbose addNameTag registry:https://registry.npmjs.org/node not in flight; fetching
52 verbose get https://registry.npmjs.org/node not expired, no request
53 silly addNameTag next cb for node with tag latest
54 silly addNamed node@9.5.0
55 verbose addNamed "9.5.0" is a plain semver version for node
56 silly cache afterAdd node@9.5.0
57 verbose afterAdd /Users/psiegel/.npm/node/9.5.0/package/package.json not in flight; writing
58 verbose correctMkdir /Users/psiegel/.npm correctMkdir not in flight; initializing
59 verbose afterAdd /Users/psiegel/.npm/node/9.5.0/package/package.json written
60 silly fetchNamedPackageData node-bin-setup
61 silly mapToRegistry name node-bin-setup
62 silly mapToRegistry using default registry
63 silly mapToRegistry registry https://registry.npmjs.org/
64 silly mapToRegistry data Result {
64 silly mapToRegistry   raw: 'node-bin-setup',
64 silly mapToRegistry   scope: null,
64 silly mapToRegistry   escapedName: 'node-bin-setup',
64 silly mapToRegistry   name: 'node-bin-setup',
64 silly mapToRegistry   rawSpec: '',
64 silly mapToRegistry   spec: 'latest',
64 silly mapToRegistry   type: 'tag' }
65 silly mapToRegistry uri https://registry.npmjs.org/node-bin-setup
66 verbose request uri https://registry.npmjs.org/node-bin-setup
67 verbose request no auth needed
68 info attempt registry request try #1 at 9:51:37 PM
69 verbose etag "5976bbea-1511"
70 verbose lastModified Tue, 25 Jul 2017 3:32:58 GMT
71 http request GET https://registry.npmjs.org/node-bin-setup
72 http 304 https://registry.npmjs.org/node-bin-setup
73 verbose headers { date: 'Tue, 13 Feb 2018 05:51:37 GMT',
73 verbose headers   via: '1.1 varnish',
73 verbose headers   'cache-control': 'max-age=300',
73 verbose headers   etag: '"5976bbea-1511"',
73 verbose headers   age: '3918',
73 verbose headers   connection: 'keep-alive',
73 verbose headers   'x-served-by': 'cache-sjc3640-SJC',
73 verbose headers   'x-cache': 'HIT',
73 verbose headers   'x-cache-hits': '1',
73 verbose headers   'x-timer': 'S1518501097.339317,VS0,VE1',
73 verbose headers   vary: 'Accept-Encoding, Accept' }
74 silly get cb [ 304,
74 silly get   { date: 'Tue, 13 Feb 2018 05:51:37 GMT',
74 silly get     via: '1.1 varnish',
74 silly get     'cache-control': 'max-age=300',
74 silly get     etag: '"5976bbea-1511"',
74 silly get     age: '3918',
74 silly get     connection: 'keep-alive',
74 silly get     'x-served-by': 'cache-sjc3640-SJC',
74 silly get     'x-cache': 'HIT',
74 silly get     'x-cache-hits': '1',
74 silly get     'x-timer': 'S1518501097.339317,VS0,VE1',
74 silly get     vary: 'Accept-Encoding, Accept' } ]
75 verbose etag https://registry.npmjs.org/node-bin-setup from cache
76 verbose get saving node-bin-setup to /Users/psiegel/.npm/registry.npmjs.org/node-bin-setup/.cache.json
77 verbose correctMkdir /Users/psiegel/.npm correctMkdir not in flight; initializing
78 silly resolveWithNewModule node-bin-setup@1.0.6 checking installable status
79 silly cache add args [ 'node-bin-setup@^1.0.0', null ]
80 verbose cache add spec node-bin-setup@^1.0.0
81 silly cache add parsed spec Result {
81 silly cache add   raw: 'node-bin-setup@^1.0.0',
81 silly cache add   scope: null,
81 silly cache add   escapedName: 'node-bin-setup',
81 silly cache add   name: 'node-bin-setup',
81 silly cache add   rawSpec: '^1.0.0',
81 silly cache add   spec: '>=1.0.0 <2.0.0',
81 silly cache add   type: 'range' }
82 silly addNamed node-bin-setup@>=1.0.0 <2.0.0
83 verbose addNamed ">=1.0.0 <2.0.0" is a valid semver range for node-bin-setup
84 silly addNameRange { name: 'node-bin-setup',
84 silly addNameRange   range: '>=1.0.0 <2.0.0',
84 silly addNameRange   hasData: false }
85 silly mapToRegistry name node-bin-setup
86 silly mapToRegistry using default registry
87 silly mapToRegistry registry https://registry.npmjs.org/
88 silly mapToRegistry data Result {
88 silly mapToRegistry   raw: 'node-bin-setup',
88 silly mapToRegistry   scope: null,
88 silly mapToRegistry   escapedName: 'node-bin-setup',
88 silly mapToRegistry   name: 'node-bin-setup',
88 silly mapToRegistry   rawSpec: '',
88 silly mapToRegistry   spec: 'latest',
88 silly mapToRegistry   type: 'tag' }
89 silly mapToRegistry uri https://registry.npmjs.org/node-bin-setup
90 verbose addNameRange registry:https://registry.npmjs.org/node-bin-setup not in flight; fetching
91 verbose get https://registry.npmjs.org/node-bin-setup not expired, no request
92 silly addNameRange number 2 { name: 'node-bin-setup',
92 silly addNameRange   range: '>=1.0.0 <2.0.0',
92 silly addNameRange   hasData: true }
93 silly addNameRange versions [ 'node-bin-setup',
93 silly addNameRange   [ '1.0.0', '1.0.1', '1.0.2', '1.0.3', '1.0.4', '1.0.6' ] ]
94 silly addNamed node-bin-setup@1.0.6
95 verbose addNamed "1.0.6" is a plain semver version for node-bin-setup
96 silly cache afterAdd node-bin-setup@1.0.6
97 verbose afterAdd /Users/psiegel/.npm/node-bin-setup/1.0.6/package/package.json not in flight; writing
98 verbose correctMkdir /Users/psiegel/.npm correctMkdir not in flight; initializing
99 verbose afterAdd /Users/psiegel/.npm/node-bin-setup/1.0.6/package/package.json written
100 silly loadAllDepsIntoIdealTree Finishing
101 silly loadIdealTree Finishing
102 silly currentTree lib
103 silly idealTree lib
103 silly idealTree └─┬ node@9.5.0
103 silly idealTree   └── node-bin-setup@1.0.6
104 silly generateActionsToTake Starting
105 silly install generateActionsToTake
106 silly generateActionsToTake Finishing
107 silly diffTrees action count 2
108 silly diffTrees add node-bin-setup@1.0.6
109 silly diffTrees add node@9.5.0
110 silly decomposeActions action count 16
111 silly decomposeActions fetch node-bin-setup@1.0.6
112 silly decomposeActions extract node-bin-setup@1.0.6
113 silly decomposeActions test node-bin-setup@1.0.6
114 silly decomposeActions preinstall node-bin-setup@1.0.6
115 silly decomposeActions build node-bin-setup@1.0.6
116 silly decomposeActions install node-bin-setup@1.0.6
117 silly decomposeActions postinstall node-bin-setup@1.0.6
118 silly decomposeActions finalize node-bin-setup@1.0.6
119 silly decomposeActions fetch node@9.5.0
120 silly decomposeActions extract node@9.5.0
121 silly decomposeActions test node@9.5.0
122 silly decomposeActions preinstall node@9.5.0
123 silly decomposeActions build node@9.5.0
124 silly decomposeActions install node@9.5.0
125 silly decomposeActions postinstall node@9.5.0
126 silly decomposeActions finalize node@9.5.0
127 silly runTopLevelLifecycles Starting
128 silly executeActions Starting
129 silly install executeActions
130 silly doSerial global-install 0
131 silly doParallel fetch 2
132 verbose correctMkdir /Users/psiegel/.npm/_locks correctMkdir not in flight; initializing
133 verbose lock using /Users/psiegel/.npm/_locks/staging-3a08f0df5026584d.lock for /usr/local/lib/node_modules/.staging
134 silly doParallel extract 2
135 silly extract node-bin-setup@1.0.6
136 silly extract node@9.5.0
137 verbose unbuild lib/node_modules/.staging/node-bin-setup-e96ff650
138 verbose unbuild lib/node_modules/.staging/node-120c5c5f
139 silly gentlyRm /usr/local/lib/node_modules/.staging/node-bin-setup-e96ff650 is being purged from base /usr/local
140 verbose gentlyRm don't care about contents; nuking /usr/local/lib/node_modules/.staging/node-bin-setup-e96ff650
141 silly gentlyRm /usr/local/lib/node_modules/.staging/node-120c5c5f is being purged from base /usr/local
142 verbose gentlyRm don't care about contents; nuking /usr/local/lib/node_modules/.staging/node-120c5c5f
143 verbose tar unpack /Users/psiegel/.npm/node-bin-setup/1.0.6/package.tgz
144 verbose tar unpacking to /usr/local/lib/node_modules/.staging/node-bin-setup-e96ff650
145 silly gentlyRm /usr/local/lib/node_modules/.staging/node-bin-setup-e96ff650 is being purged
146 verbose gentlyRm don't care about contents; nuking /usr/local/lib/node_modules/.staging/node-bin-setup-e96ff650
147 verbose tar unpack /Users/psiegel/.npm/node/9.5.0/package.tgz
148 verbose tar unpacking to /usr/local/lib/node_modules/.staging/node-120c5c5f
149 silly gentlyRm /usr/local/lib/node_modules/.staging/node-120c5c5f is being purged
150 verbose gentlyRm don't care about contents; nuking /usr/local/lib/node_modules/.staging/node-120c5c5f
151 silly gunzTarPerm modes [ '755', '644' ]
152 silly gunzTarPerm modes [ '755', '644' ]
153 silly gunzTarPerm extractEntry package.json
154 silly gunzTarPerm extractEntry package.json
155 silly gunzTarPerm extractEntry installArchSpecificPackage.js
156 silly gunzTarPerm extractEntry README.md
157 silly gunzTarPerm extractEntry index.js
158 silly gentlyRm /usr/local/lib/node_modules/.staging/node-bin-setup-e96ff650/node_modules is being purged
159 verbose gentlyRm don't care about contents; nuking /usr/local/lib/node_modules/.staging/node-bin-setup-e96ff650/node_modules
160 silly gentlyRm /usr/local/lib/node_modules/.staging/node-120c5c5f/node_modules is being purged
161 verbose gentlyRm don't care about contents; nuking /usr/local/lib/node_modules/.staging/node-120c5c5f/node_modules
162 silly doParallel preinstall 2
163 silly preinstall node-bin-setup@1.0.6 /usr/local/lib/node_modules/.staging/node-bin-setup-e96ff650
164 info lifecycle node-bin-setup@1.0.6~preinstall: node-bin-setup@1.0.6
165 silly preinstall node@9.5.0 /usr/local/lib/node_modules/.staging/node-120c5c5f
166 info lifecycle node@9.5.0~preinstall: node@9.5.0
167 silly lifecycle node-bin-setup@1.0.6~preinstall: no script for preinstall, continuing
168 verbose lifecycle node@9.5.0~preinstall: unsafe-perm in lifecycle true
169 verbose lifecycle node@9.5.0~preinstall: PATH: /usr/local/lib/node_modules/npm/bin/node-gyp-bin:/usr/local/lib/node_modules/.staging/node-120c5c5f/node_modules/.bin:/usr/local/lib/node_modules/.bin:/usr/local/Cellar/node/9.3.0_1/bin:/Library/Frameworks/Python.framework/Versions/3.6/bin:/usr/local/bin:/usr/bin:/bin:/usr/sbin:/sbin:/Users/psiegel/n/bin
170 verbose lifecycle node@9.5.0~preinstall: CWD: /usr/local/lib/node_modules/.staging/node-120c5c5f
171 silly lifecycle node@9.5.0~preinstall: Args: [ '-c', 'node installArchSpecificPackage' ]
172 silly lifecycle node@9.5.0~preinstall: Returned: code: 1  signal: null
173 info lifecycle node@9.5.0~preinstall: Failed to exec preinstall script
174 verbose unlock done using /Users/psiegel/.npm/_locks/staging-3a08f0df5026584d.lock for /usr/local/lib/node_modules/.staging
175 silly rollbackFailedOptional Starting
176 silly rollbackFailedOptional Finishing
177 silly runTopLevelLifecycles Finishing
178 silly install printInstalled
179 verbose stack Error: node@9.5.0 preinstall: `node installArchSpecificPackage`
179 verbose stack Exit status 1
179 verbose stack     at EventEmitter.<anonymous> (/usr/local/lib/node_modules/npm/lib/utils/lifecycle.js:255:16)
179 verbose stack     at emitTwo (events.js:106:13)
179 verbose stack     at EventEmitter.emit (events.js:191:7)
179 verbose stack     at ChildProcess.<anonymous> (/usr/local/lib/node_modules/npm/lib/utils/spawn.js:40:14)
179 verbose stack     at emitTwo (events.js:106:13)
179 verbose stack     at ChildProcess.emit (events.js:191:7)
179 verbose stack     at maybeClose (internal/child_process.js:877:16)
179 verbose stack     at Process.ChildProcess._handle.onexit (internal/child_process.js:226:5)
180 verbose pkgid node@9.5.0
181 verbose cwd /Users/psiegel/projects/minesweeper/lib
182 error Darwin 16.7.0
183 error argv "/usr/local/Cellar/node/9.3.0_1/bin/node" "/usr/local/bin/npm" "install" "-g" "node"
184 error node v6.9.1
185 error npm  v3.10.10
186 error code ELIFECYCLE
187 error node@9.5.0 preinstall: `node installArchSpecificPackage`
187 error Exit status 1
188 error Failed at the node@9.5.0 preinstall script 'node installArchSpecificPackage'.
188 error Make sure you have the latest version of node.js and npm installed.
188 error If you do, this is most likely a problem with the node package,
188 error not with npm itself.
188 error Tell the author that this fails on your system:
188 error     node installArchSpecificPackage
188 error You can get information on how to open an issue for this project with:
188 error     npm bugs node
188 error Or if that isn't available, you can get their info via:
188 error     npm owner ls node
188 error There is likely additional logging output above.
189 verbose exit [ 1, true ]
